<?xml version="1.0" encoding="UTF-8"?>
<!-- Generated by org.testng.reporters.JUnitXMLReporter -->
<testsuite ignored="0" hostname="DESKTOP-7Q50VHC" failures="1" tests="1" name="MainPageTest" time="23.251" errors="0" timestamp="2022-07-03T14:42:45 EEST">
  <testcase classname="TestProjects.CheckoutTest" name="addToCart" time="15.021">
    <failure type="java.lang.AssertionError" message="Item Cucumber not present">
      <![CDATA[java.lang.AssertionError: Item Cucumber not present
at org.junit.Assert.fail(Assert.java:88)
at TestProjects.CheckoutTest.addToCart(CheckoutTest.java:55)
at java.base/java.util.ArrayList.forEach(ArrayList.java:1511)
at java.base/java.util.concurrent.FutureTask.run(FutureTask.java:264)
at java.base/java.util.concurrent.ThreadPoolExecutor.runWorker(ThreadPoolExecutor.java:1136)
at java.base/java.util.concurrent.ThreadPoolExecutor$Worker.run(ThreadPoolExecutor.java:635)
at java.base/java.lang.Thread.run(Thread.java:833)
... Removed 15 stack frames]]>
    </failure>
  </testcase> <!-- addToCart -->
</testsuite> <!-- MainPageTest -->
